<?xml version="1.0" encoding="UTF-8"?>
<!-- Generated by org.testng.reporters.JUnitReportReporter -->
<testsuite hostname="DESKTOP-3D2T8OP" failures="0" tests="1" name="testNgPractice.NewTest" time="0.027" errors="0" timestamp="2022-09-11T15:05:18 IST" skipped="0">
  <testcase classname="testNgPractice.NewTest" name="test1" time="0.027"/>
  <system-out/>
</testsuite> <!-- testNgPractice.NewTest -->
